0 info it worked if it ends with ok
1 verbose cli [ '/home/mark/.nvm/v5.7.0/bin/node',
1 verbose cli   '/home/mark/.nvm/v5.7.0/bin/npm',
1 verbose cli   'start' ]
2 info using npm@3.6.0
3 info using node@v5.7.0
4 verbose run-script [ 'prestart', 'start', 'poststart' ]
5 info lifecycle weatherapp@0.0.1~prestart: weatherapp@0.0.1
6 silly lifecycle weatherapp@0.0.1~prestart: no script for prestart, continuing
7 info lifecycle weatherapp@0.0.1~start: weatherapp@0.0.1
8 verbose lifecycle weatherapp@0.0.1~start: unsafe-perm in lifecycle true
9 verbose lifecycle weatherapp@0.0.1~start: PATH: /home/mark/.nvm/v5.7.0/lib/node_modules/npm/bin/node-gyp-bin:/home/mark/Documents/projects/weather/weatherapp/node_modules/.bin:/home/mark/.nvm/v5.7.0/bin:/usr/local/heroku/bin:/usr/local/sbin:/usr/local/bin:/usr/sbin:/usr/bin:/sbin:/bin:/usr/games:/usr/local/games
10 verbose lifecycle weatherapp@0.0.1~start: CWD: /home/mark/Documents/projects/weather/weatherapp
11 silly lifecycle weatherapp@0.0.1~start: Args: [ '-c', './app/config.sh' ]
12 silly lifecycle weatherapp@0.0.1~start: Returned: code: 1  signal: null
13 info lifecycle weatherapp@0.0.1~start: Failed to exec start script
14 verbose stack Error: weatherapp@0.0.1 start: `./app/config.sh`
14 verbose stack Exit status 1
14 verbose stack     at EventEmitter.<anonymous> (/home/mark/.nvm/v5.7.0/lib/node_modules/npm/lib/utils/lifecycle.js:232:16)
14 verbose stack     at emitTwo (events.js:100:13)
14 verbose stack     at EventEmitter.emit (events.js:185:7)
14 verbose stack     at ChildProcess.<anonymous> (/home/mark/.nvm/v5.7.0/lib/node_modules/npm/lib/utils/spawn.js:24:14)
14 verbose stack     at emitTwo (events.js:100:13)
14 verbose stack     at ChildProcess.emit (events.js:185:7)
14 verbose stack     at maybeClose (internal/child_process.js:827:16)
14 verbose stack     at Process.ChildProcess._handle.onexit (internal/child_process.js:211:5)
15 verbose pkgid weatherapp@0.0.1
16 verbose cwd /home/mark/Documents/projects/weather/weatherapp
17 error Linux 3.16.0-71-generic
18 error argv "/home/mark/.nvm/v5.7.0/bin/node" "/home/mark/.nvm/v5.7.0/bin/npm" "start"
19 error node v5.7.0
20 error npm  v3.6.0
21 error code ELIFECYCLE
22 error weatherapp@0.0.1 start: `./app/config.sh`
22 error Exit status 1
23 error Failed at the weatherapp@0.0.1 start script './app/config.sh'.
23 error Make sure you have the latest version of node.js and npm installed.
23 error If you do, this is most likely a problem with the weatherapp package,
23 error not with npm itself.
23 error Tell the author that this fails on your system:
23 error     ./app/config.sh
23 error You can get information on how to open an issue for this project with:
23 error     npm bugs weatherapp
23 error Or if that isn't available, you can get their info via:
23 error     npm owner ls weatherapp
23 error There is likely additional logging output above.
24 verbose exit [ 1, true ]
